running egg_info
creating ../build/sweeppy/sweeppy.egg-info
writing ../build/sweeppy/sweeppy.egg-info/PKG-INFO
writing dependency_links to ../build/sweeppy/sweeppy.egg-info/dependency_links.txt
writing top-level names to ../build/sweeppy/sweeppy.egg-info/top_level.txt
writing manifest file '../build/sweeppy/sweeppy.egg-info/SOURCES.txt'
reading manifest file '../build/sweeppy/sweeppy.egg-info/SOURCES.txt'
writing manifest file '../build/sweeppy/sweeppy.egg-info/SOURCES.txt'
running build
running build_py
creating /home/kih/sweep-sdk-master/build/sweeppy/build
creating /home/kih/sweep-sdk-master/build/sweeppy/build/lib
creating /home/kih/sweep-sdk-master/build/sweeppy/build/lib/sweeppy
copying sweeppy/test2.py -> /home/kih/sweep-sdk-master/build/sweeppy/build/lib/sweeppy
copying sweeppy/__init__.py -> /home/kih/sweep-sdk-master/build/sweeppy/build/lib/sweeppy
copying sweeppy/app.py -> /home/kih/sweep-sdk-master/build/sweeppy/build/lib/sweeppy
copying sweeppy/test.py -> /home/kih/sweep-sdk-master/build/sweeppy/build/lib/sweeppy
copying sweeppy/__main__.py -> /home/kih/sweep-sdk-master/build/sweeppy/build/lib/sweeppy
running install
running install_lib
creating /home/kih/sweep-sdk-master/install/sweeppy/lib/python3.8/site-packages/sweeppy
copying /home/kih/sweep-sdk-master/build/sweeppy/build/lib/sweeppy/test2.py -> /home/kih/sweep-sdk-master/install/sweeppy/lib/python3.8/site-packages/sweeppy
copying /home/kih/sweep-sdk-master/build/sweeppy/build/lib/sweeppy/__init__.py -> /home/kih/sweep-sdk-master/install/sweeppy/lib/python3.8/site-packages/sweeppy
copying /home/kih/sweep-sdk-master/build/sweeppy/build/lib/sweeppy/app.py -> /home/kih/sweep-sdk-master/install/sweeppy/lib/python3.8/site-packages/sweeppy
copying /home/kih/sweep-sdk-master/build/sweeppy/build/lib/sweeppy/test.py -> /home/kih/sweep-sdk-master/install/sweeppy/lib/python3.8/site-packages/sweeppy
copying /home/kih/sweep-sdk-master/build/sweeppy/build/lib/sweeppy/__main__.py -> /home/kih/sweep-sdk-master/install/sweeppy/lib/python3.8/site-packages/sweeppy
byte-compiling /home/kih/sweep-sdk-master/install/sweeppy/lib/python3.8/site-packages/sweeppy/test2.py to test2.cpython-38.pyc
byte-compiling /home/kih/sweep-sdk-master/install/sweeppy/lib/python3.8/site-packages/sweeppy/__init__.py to __init__.cpython-38.pyc
byte-compiling /home/kih/sweep-sdk-master/install/sweeppy/lib/python3.8/site-packages/sweeppy/app.py to app.cpython-38.pyc
byte-compiling /home/kih/sweep-sdk-master/install/sweeppy/lib/python3.8/site-packages/sweeppy/test.py to test.cpython-38.pyc
byte-compiling /home/kih/sweep-sdk-master/install/sweeppy/lib/python3.8/site-packages/sweeppy/__main__.py to __main__.cpython-38.pyc
running install_egg_info
Copying ../build/sweeppy/sweeppy.egg-info to /home/kih/sweep-sdk-master/install/sweeppy/lib/python3.8/site-packages/sweeppy-1.3.0-py3.8.egg-info
running install_scripts
writing list of installed files to '/home/kih/sweep-sdk-master/build/sweeppy/install.log'
