-- The C compiler identification is GNU 9.4.0
-- The CXX compiler identification is GNU 9.4.0
-- Check for working C compiler: /usr/bin/cc
-- Check for working C compiler: /usr/bin/cc -- works
-- Detecting C compiler ABI info
-- Detecting C compiler ABI info - done
-- Detecting C compile features
-- Detecting C compile features - done
-- Check for working CXX compiler: /usr/bin/c++
-- Check for working CXX compiler: /usr/bin/c++ -- works
-- Detecting CXX compiler ABI info
-- Detecting CXX compiler ABI info - done
-- Detecting CXX compile features
-- Detecting CXX compile features - done
-- Looking for pthread.h
-- Looking for pthread.h - found
-- Performing Test CMAKE_HAVE_LIBC_PTHREAD
-- Performing Test CMAKE_HAVE_LIBC_PTHREAD - Failed
-- Looking for pthread_create in pthreads
-- Looking for pthread_create in pthreads - not found
-- Looking for pthread_create in pthread
-- Looking for pthread_create in pthread - found
-- Found Threads: TRUE  
-- Configuring done
-- Generating done
-- Build files have been written to: /home/kih/sweep-sdk-master/build/sweep
[35m[1mScanning dependencies of target sweep[0m
[ 50%] [32mBuilding CXX object CMakeFiles/sweep.dir/src/sweep.cc.o[0m
[ 50%] [32mBuilding CXX object CMakeFiles/sweep.dir/src/protocol.cc.o[0m
[ 50%] [32mBuilding CXX object CMakeFiles/sweep.dir/src/unix/serial.cc.o[0m
[ 66%] [32m[1mLinking CXX shared library libsweep.so[0m
[ 66%] Built target sweep
[35m[1mScanning dependencies of target sweep-ctl[0m
[ 83%] [32mBuilding CXX object CMakeFiles/sweep-ctl.dir/src/sweep-ctl.cc.o[0m
[100%] [32m[1mLinking CXX executable sweep-ctl[0m
[100%] Built target sweep-ctl
-- Install configuration: ""
-- Installing: /home/kih/sweep-sdk-master/install/sweep/lib/libsweep.so.1.3.0
-- Installing: /home/kih/sweep-sdk-master/install/sweep/lib/libsweep.so.1
-- Installing: /home/kih/sweep-sdk-master/install/sweep/lib/libsweep.so
-- Installing: /home/kih/sweep-sdk-master/install/sweep/include/sweep
-- Installing: /home/kih/sweep-sdk-master/install/sweep/include/sweep/sweep.h
-- Installing: /home/kih/sweep-sdk-master/install/sweep/include/sweep/sweep.hpp
-- Installing: /home/kih/sweep-sdk-master/install/sweep/include/sweep/config.h
-- Installing: /home/kih/sweep-sdk-master/install/sweep/bin/sweep-ctl
-- Set runtime path of "/home/kih/sweep-sdk-master/install/sweep/bin/sweep-ctl" to ""
-- Installing: /home/kih/sweep-sdk-master/install/sweep/share/man/man1/sweep-ctl.1
-- Installing: /home/kih/sweep-sdk-master/install/sweep/lib/cmake/sweep/SweepConfig.cmake
